iperf -s -i1 -p4421
------------------------------------------------------------
Server listening on TCP port 4421
TCP window size:  128 KByte (default)
------------------------------------------------------------
[  4] local 192.168.0.1 port 4421 connected with 192.168.0.2 port 60543
[ ID] Interval       Transfer     Bandwidth
[  4]  0.0- 1.0 sec  2.42 MBytes  20.3 Mbits/sec
[  4]  1.0- 2.0 sec  10.3 MBytes  86.0 Mbits/sec
[  4]  2.0- 3.0 sec  10.1 MBytes  84.4 Mbits/sec
[  4]  3.0- 4.0 sec  9.85 MBytes  82.7 Mbits/sec
[  4]  4.0- 5.0 sec  10.0 MBytes  84.1 Mbits/sec
[  4]  5.0- 6.0 sec  10.2 MBytes  85.3 Mbits/sec
[  4]  6.0- 7.0 sec  9.73 MBytes  81.6 Mbits/sec
[  4]  7.0- 8.0 sec  9.92 MBytes  83.2 Mbits/sec
[  4]  8.0- 9.0 sec  9.92 MBytes  83.2 Mbits/sec
[  4]  9.0-10.0 sec  10.1 MBytes  84.9 Mbits/sec
[  4] 10.0-11.0 sec  10.1 MBytes  84.9 Mbits/sec
[  4] 11.0-12.0 sec  9.96 MBytes  83.5 Mbits/sec
[  4] 12.0-13.0 sec  9.57 MBytes  80.3 Mbits/sec
[  4] 13.0-14.0 sec  9.99 MBytes  83.8 Mbits/sec
[  4] 14.0-15.0 sec  9.90 MBytes  83.1 Mbits/sec
[  4] 15.0-16.0 sec  9.70 MBytes  81.3 Mbits/sec
[  4] 16.0-17.0 sec  9.60 MBytes  80.6 Mbits/sec
[  4] 17.0-18.0 sec  9.09 MBytes  76.3 Mbits/sec
[  4] 18.0-19.0 sec  9.01 MBytes  75.6 Mbits/sec
[  4] 19.0-20.0 sec  9.43 MBytes  79.1 Mbits/sec
[  4] 20.0-21.0 sec  8.69 MBytes  72.9 Mbits/sec
[  4] 21.0-22.0 sec  8.91 MBytes  74.8 Mbits/sec
[  4] 22.0-23.0 sec  8.63 MBytes  72.4 Mbits/sec
[  4] 23.0-24.0 sec  8.92 MBytes  74.8 Mbits/sec
[  4] 24.0-25.0 sec  8.88 MBytes  74.5 Mbits/sec
[  4] 25.0-26.0 sec  9.00 MBytes  75.5 Mbits/sec
[  4] 26.0-27.0 sec  8.73 MBytes  73.3 Mbits/sec
[  4] 27.0-28.0 sec  8.82 MBytes  74.0 Mbits/sec
[  4] 28.0-29.0 sec  8.70 MBytes  73.0 Mbits/sec
[  4] 29.0-30.0 sec  8.59 MBytes  72.0 Mbits/sec
[  4] 30.0-31.0 sec  8.84 MBytes  74.1 Mbits/sec
[  4] 31.0-32.0 sec  8.58 MBytes  72.0 Mbits/sec
[  4] 32.0-33.0 sec  8.35 MBytes  70.1 Mbits/sec
[  4] 33.0-34.0 sec  7.93 MBytes  66.5 Mbits/sec
[  4] 34.0-35.0 sec  8.32 MBytes  69.8 Mbits/sec
[  4] 35.0-36.0 sec  9.14 MBytes  76.6 Mbits/sec
[  4] 36.0-37.0 sec  8.38 MBytes  70.3 Mbits/sec
[  4] 37.0-38.0 sec  8.53 MBytes  71.6 Mbits/sec
[  4] 38.0-39.0 sec  7.90 MBytes  66.3 Mbits/sec
[  4] 39.0-40.0 sec  7.17 MBytes  60.2 Mbits/sec
[  4] 40.0-41.0 sec  8.60 MBytes  72.2 Mbits/sec
[  4] 41.0-42.0 sec  8.26 MBytes  69.3 Mbits/sec
[  4] 42.0-43.0 sec  8.28 MBytes  69.5 Mbits/sec
[  4] 43.0-44.0 sec  8.53 MBytes  71.6 Mbits/sec
[  4] 44.0-45.0 sec  8.69 MBytes  72.9 Mbits/sec
[  4] 45.0-46.0 sec  9.00 MBytes  75.5 Mbits/sec
[  4] 46.0-47.0 sec  9.16 MBytes  76.8 Mbits/sec
[  4] 47.0-48.0 sec  8.98 MBytes  75.3 Mbits/sec
[  4] 48.0-49.0 sec  8.98 MBytes  75.3 Mbits/sec
[  4] 49.0-50.0 sec  8.95 MBytes  75.0 Mbits/sec
[  4] 50.0-51.0 sec  8.26 MBytes  69.3 Mbits/sec
[  4] 51.0-52.0 sec  9.21 MBytes  77.2 Mbits/sec
[  4] 52.0-53.0 sec  8.34 MBytes  70.0 Mbits/sec
[  4] 53.0-54.0 sec  7.33 MBytes  61.5 Mbits/sec
[  4] 54.0-55.0 sec  4.00 MBytes  33.5 Mbits/sec
[  4] 55.0-56.0 sec  7.70 MBytes  64.6 Mbits/sec
[  4] 56.0-57.0 sec  5.86 MBytes  49.1 Mbits/sec
[  4] 57.0-58.0 sec  2.27 MBytes  19.0 Mbits/sec
[  4] 58.0-59.0 sec  3.51 MBytes  29.4 Mbits/sec
[  4] 59.0-60.0 sec  3.78 MBytes  31.7 Mbits/sec
[  4]  0.0-60.8 sec   510 MBytes  70.3 Mbits/sec