iperf -i1 -c192.168.0.2 -b300M  -w2M -p4431 -t60 -u
WARNING: option -b implies udp testing
------------------------------------------------------------
Client connecting to 192.168.0.2, UDP port 4431
Sending 1470 byte datagrams
UDP buffer size:  416 KByte (WARNING: requested 2.00 MByte)
------------------------------------------------------------
[  3] local 192.168.0.1 port 32809 connected with 192.168.0.2 port 4431
[ ID] Interval       Transfer     Bandwidth
[  3]  0.0- 1.0 sec  11.9 MBytes  99.5 Mbits/sec
[  3]  1.0- 2.0 sec  12.0 MBytes   101 Mbits/sec
[  3]  2.0- 3.0 sec  12.2 MBytes   102 Mbits/sec
[  3]  3.0- 4.0 sec  11.8 MBytes  99.3 Mbits/sec
[  3]  4.0- 5.0 sec  12.0 MBytes   101 Mbits/sec
[  3]  5.0- 6.0 sec  11.8 MBytes  99.3 Mbits/sec
[  3]  6.0- 7.0 sec  11.9 MBytes  99.7 Mbits/sec
[  3]  7.0- 8.0 sec  12.0 MBytes   101 Mbits/sec
[  3]  8.0- 9.0 sec  12.0 MBytes   101 Mbits/sec
[  3]  9.0-10.0 sec  11.8 MBytes  99.4 Mbits/sec
[  3] 10.0-11.0 sec  12.0 MBytes   100 Mbits/sec
[  3] 11.0-12.0 sec  12.1 MBytes   102 Mbits/sec
[  3] 12.0-13.0 sec  12.0 MBytes   101 Mbits/sec
[  3] 13.0-14.0 sec  11.7 MBytes  98.4 Mbits/sec
[  3] 14.0-15.0 sec  12.0 MBytes   101 Mbits/sec
[  3] 15.0-16.0 sec  12.1 MBytes   101 Mbits/sec
[  3] 16.0-17.0 sec  12.2 MBytes   102 Mbits/sec
[  3] 17.0-18.0 sec  12.0 MBytes   101 Mbits/sec
[  3] 18.0-19.0 sec  11.7 MBytes  98.0 Mbits/sec
[  3] 19.0-20.0 sec  11.9 MBytes  99.5 Mbits/sec
[  3] 20.0-21.0 sec  12.1 MBytes   101 Mbits/sec
[  3] 21.0-22.0 sec  12.0 MBytes   101 Mbits/sec
[  3] 22.0-23.0 sec  12.1 MBytes   102 Mbits/sec
[  3] 23.0-24.0 sec  12.2 MBytes   102 Mbits/sec
[  3] 24.0-25.0 sec  12.1 MBytes   101 Mbits/sec
[  3] 25.0-26.0 sec  12.0 MBytes   101 Mbits/sec
[  3] 26.0-27.0 sec  12.2 MBytes   102 Mbits/sec
[  3] 27.0-28.0 sec  11.8 MBytes  99.3 Mbits/sec
[  3] 28.0-29.0 sec  12.2 MBytes   103 Mbits/sec
[  3] 29.0-30.0 sec  11.0 MBytes  91.9 Mbits/sec
[  3] 30.0-31.0 sec  12.1 MBytes   101 Mbits/sec
[  3] 31.0-32.0 sec  12.1 MBytes   102 Mbits/sec
[  3] 32.0-33.0 sec  12.3 MBytes   103 Mbits/sec
[  3] 33.0-34.0 sec  12.1 MBytes   101 Mbits/sec
[  3] 34.0-35.0 sec  12.2 MBytes   102 Mbits/sec
[  3] 35.0-36.0 sec  12.0 MBytes   101 Mbits/sec
[  3] 36.0-37.0 sec  12.3 MBytes   103 Mbits/sec
[  3] 37.0-38.0 sec  12.0 MBytes   100 Mbits/sec
[  3] 38.0-39.0 sec  12.2 MBytes   102 Mbits/sec
[  3] 39.0-40.0 sec  12.3 MBytes   103 Mbits/sec
[  3] 40.0-41.0 sec  12.0 MBytes   101 Mbits/sec
[  3] 41.0-42.0 sec  11.9 MBytes  99.7 Mbits/sec
[  3] 42.0-43.0 sec  12.3 MBytes   103 Mbits/sec
[  3] 43.0-44.0 sec  12.1 MBytes   101 Mbits/sec
[  3] 44.0-45.0 sec  12.0 MBytes   101 Mbits/sec
[  3] 45.0-46.0 sec  12.2 MBytes   103 Mbits/sec
[  3] 46.0-47.0 sec  12.1 MBytes   102 Mbits/sec
[  3] 47.0-48.0 sec  12.1 MBytes   101 Mbits/sec
[  3] 48.0-49.0 sec  11.8 MBytes  99.3 Mbits/sec
[  3] 49.0-50.0 sec  11.9 MBytes  99.9 Mbits/sec
[  3] 50.0-51.0 sec  12.0 MBytes   101 Mbits/sec
[  3] 51.0-52.0 sec  12.1 MBytes   102 Mbits/sec
[  3] 52.0-53.0 sec  11.6 MBytes  96.9 Mbits/sec
[  3] 53.0-54.0 sec  11.8 MBytes  99.3 Mbits/sec
[  3] 54.0-55.0 sec  11.4 MBytes  95.2 Mbits/sec
[  3] 55.0-56.0 sec  11.8 MBytes  99.2 Mbits/sec
[  3] 56.0-57.0 sec  12.2 MBytes   102 Mbits/sec
[  3] 57.0-58.0 sec  11.8 MBytes  98.9 Mbits/sec
[  3] 58.0-59.0 sec  10.9 MBytes  91.5 Mbits/sec
[  3] 59.0-60.0 sec  12.1 MBytes   102 Mbits/sec
[  3]  0.0-60.0 sec   718 MBytes   100 Mbits/sec
[  3] Sent 512505 datagrams
[  3] Server Report:
[  3]  0.0-60.3 sec   705 MBytes  98.0 Mbits/sec   0.539 ms 9918/512504 (1.9%)
[  3]  0.0-60.3 sec  1 datagrams received out-of-order