iperf -s -u -i1 -p4420
------------------------------------------------------------
Server listening on UDP port 4420
Receiving 1470 byte datagrams
UDP buffer size:  208 KByte (default)
------------------------------------------------------------
[  3] local 192.168.0.1 port 4420 connected with 192.168.0.2 port 39837
[ ID] Interval       Transfer     Bandwidth        Jitter   Lost/Total Datagrams
[  3]  0.0- 1.0 sec  6.47 MBytes  54.3 Mbits/sec   0.086 ms    4/ 4619 (0.087%)
[  3]  1.0- 2.0 sec  10.3 MBytes  86.5 Mbits/sec   0.126 ms    0/ 7354 (0%)
[  3]  2.0- 3.0 sec  12.0 MBytes   101 Mbits/sec   0.086 ms    0/ 8576 (0%)
[  3]  3.0- 4.0 sec  12.1 MBytes   101 Mbits/sec   0.103 ms    0/ 8597 (0%)
[  3]  4.0- 5.0 sec  12.1 MBytes   102 Mbits/sec   0.104 ms    0/ 8645 (0%)
[  3]  5.0- 6.0 sec  12.0 MBytes   101 Mbits/sec   0.078 ms    0/ 8573 (0%)
[  3]  6.0- 7.0 sec  12.1 MBytes   101 Mbits/sec   0.065 ms    0/ 8598 (0%)
[  3]  7.0- 8.0 sec  12.0 MBytes   101 Mbits/sec   0.088 ms    0/ 8565 (0%)
[  3]  8.0- 9.0 sec  11.6 MBytes  97.6 Mbits/sec   0.081 ms    0/ 8301 (0%)
[  3]  9.0-10.0 sec  12.0 MBytes   101 Mbits/sec   0.087 ms    0/ 8555 (0%)
[  3] 10.0-11.0 sec  12.0 MBytes   101 Mbits/sec   0.085 ms    0/ 8557 (0%)
[  3] 11.0-12.0 sec  12.2 MBytes   102 Mbits/sec   0.085 ms    0/ 8705 (0%)
[  3] 12.0-13.0 sec  11.7 MBytes  97.8 Mbits/sec   0.103 ms    0/ 8316 (0%)
[  3] 13.0-14.0 sec  11.9 MBytes  99.6 Mbits/sec   0.076 ms    0/ 8472 (0%)
[  3] 14.0-15.0 sec  4.66 MBytes  39.1 Mbits/sec   0.227 ms    0/ 3321 (0%)
[  3] 15.0-16.0 sec  3.77 MBytes  31.6 Mbits/sec   0.185 ms    0/ 2689 (0%)
[  3] 16.0-17.0 sec  7.95 MBytes  66.7 Mbits/sec   0.160 ms    0/ 5674 (0%)
[  3] 17.0-18.0 sec  12.1 MBytes   102 Mbits/sec   0.111 ms    0/ 8660 (0%)
[  3] 18.0-19.0 sec  11.7 MBytes  97.8 Mbits/sec   0.163 ms    0/ 8318 (0%)
[  3] 19.0-20.0 sec  11.6 MBytes  97.6 Mbits/sec   0.111 ms    0/ 8302 (0%)
[  3] 20.0-21.0 sec  11.9 MBytes   100 Mbits/sec   0.081 ms    0/ 8507 (0%)
[  3] 21.0-22.0 sec  12.6 MBytes   106 Mbits/sec   0.062 ms    0/ 9003 (0%)
[  3] 22.0-23.0 sec  12.3 MBytes   104 Mbits/sec   0.091 ms    0/ 8806 (0%)
[  3] 23.0-24.0 sec  12.8 MBytes   108 Mbits/sec   0.121 ms    0/ 9155 (0%)
[  3] 24.0-25.0 sec  12.8 MBytes   107 Mbits/sec   0.156 ms    0/ 9110 (0%)
[  3] 25.0-26.0 sec  12.4 MBytes   104 Mbits/sec   0.140 ms    0/ 8814 (0%)
[  3] 26.0-27.0 sec  12.9 MBytes   108 Mbits/sec   0.067 ms    0/ 9172 (0%)
[  3] 27.0-28.0 sec  12.5 MBytes   105 Mbits/sec   0.066 ms    0/ 8924 (0%)
[  3] 28.0-29.0 sec  12.1 MBytes   102 Mbits/sec   0.136 ms    0/ 8632 (0%)
[  3] 29.0-30.0 sec  12.4 MBytes   104 Mbits/sec   0.067 ms    0/ 8826 (0%)
[  3] 30.0-31.0 sec  12.4 MBytes   104 Mbits/sec   0.135 ms    0/ 8861 (0%)
[  3] 31.0-32.0 sec  12.6 MBytes   106 Mbits/sec   0.149 ms    0/ 9013 (0%)
[  3] 32.0-33.0 sec  12.6 MBytes   106 Mbits/sec   0.085 ms    0/ 8976 (0%)
[  3] 33.0-34.0 sec  12.3 MBytes   103 Mbits/sec   0.075 ms    0/ 8752 (0%)
[  3] 34.0-35.0 sec  11.8 MBytes  99.3 Mbits/sec   0.135 ms    0/ 8445 (0%)
[  3] 35.0-36.0 sec  11.9 MBytes  99.5 Mbits/sec   0.090 ms    0/ 8464 (0%)
[  3] 36.0-37.0 sec  12.1 MBytes   102 Mbits/sec   0.099 ms    0/ 8631 (0%)
[  3] 37.0-38.0 sec  12.2 MBytes   102 Mbits/sec   0.061 ms    0/ 8690 (0%)
[  3] 38.0-39.0 sec  11.9 MBytes   100 Mbits/sec   0.080 ms    0/ 8508 (0%)
[  3] 39.0-40.0 sec  11.9 MBytes   100 Mbits/sec   0.071 ms    0/ 8514 (0%)
[  3] 40.0-41.0 sec  12.1 MBytes   101 Mbits/sec   0.089 ms    0/ 8626 (0%)
[  3] 41.0-42.0 sec  12.0 MBytes   101 Mbits/sec   0.068 ms    0/ 8557 (0%)
[  3] 42.0-43.0 sec  12.2 MBytes   102 Mbits/sec   0.088 ms    0/ 8673 (0%)
[  3] 43.0-44.0 sec  12.3 MBytes   103 Mbits/sec   0.107 ms    0/ 8770 (0%)
[  3] 44.0-45.0 sec  12.4 MBytes   104 Mbits/sec   0.148 ms    0/ 8826 (0%)
[  3] 45.0-46.0 sec  12.4 MBytes   104 Mbits/sec   0.091 ms    0/ 8846 (0%)
[  3] 46.0-47.0 sec  12.3 MBytes   103 Mbits/sec   0.062 ms    0/ 8751 (0%)
[  3] 47.0-48.0 sec  12.3 MBytes   103 Mbits/sec   0.072 ms    0/ 8759 (0%)
[  3] 48.0-49.0 sec  12.2 MBytes   103 Mbits/sec   0.266 ms    0/ 8729 (0%)
[  3] 49.0-50.0 sec  12.3 MBytes   103 Mbits/sec   0.079 ms    0/ 8799 (0%)
[  3] 50.0-51.0 sec  12.3 MBytes   103 Mbits/sec   0.066 ms    0/ 8739 (0%)
[  3] 51.0-52.0 sec  12.3 MBytes   103 Mbits/sec   0.097 ms    0/ 8778 (0%)
[  3] 52.0-53.0 sec  12.0 MBytes   101 Mbits/sec   0.082 ms    0/ 8556 (0%)
[  3] 53.0-54.0 sec  12.5 MBytes   105 Mbits/sec   0.081 ms    0/ 8931 (0%)
[  3] 54.0-55.0 sec  12.3 MBytes   103 Mbits/sec   0.076 ms    0/ 8771 (0%)
[  3] 55.0-56.0 sec  11.9 MBytes  99.5 Mbits/sec   0.052 ms    0/ 8458 (0%)
[  3] 56.0-57.0 sec  11.6 MBytes  97.5 Mbits/sec   0.066 ms    0/ 8291 (0%)
[  3] 57.0-58.0 sec  11.8 MBytes  99.3 Mbits/sec   0.145 ms    0/ 8447 (0%)
[  3] 58.0-59.0 sec  10.5 MBytes  88.1 Mbits/sec   0.107 ms    0/ 7494 (0%)
[  3] 59.0-60.0 sec  12.1 MBytes   101 Mbits/sec   0.124 ms    0/ 8614 (0%)
[  3]  0.0-60.2 sec   703 MBytes  97.9 Mbits/sec   0.273 ms    3/501245 (0.0006%)
[  3]  0.0-60.2 sec  1 datagrams received out-of-order