iperf -s -i1 -p4426
------------------------------------------------------------
Server listening on TCP port 4426
TCP window size:  128 KByte (default)
------------------------------------------------------------
[  4] local 192.168.6.101 port 4426 connected with 192.168.6.102 port 57553
[ ID] Interval       Transfer     Bandwidth
[  4]  0.0- 1.0 sec  7.53 MBytes  63.1 Mbits/sec
[  4]  1.0- 2.0 sec  9.33 MBytes  78.3 Mbits/sec
[  4]  2.0- 3.0 sec  9.59 MBytes  80.5 Mbits/sec
[  4]  3.0- 4.0 sec  9.22 MBytes  77.4 Mbits/sec
[  4]  4.0- 5.0 sec  9.34 MBytes  78.3 Mbits/sec
[  4]  5.0- 6.0 sec  9.37 MBytes  78.6 Mbits/sec
[  4]  6.0- 7.0 sec  9.60 MBytes  80.5 Mbits/sec
[  4]  7.0- 8.0 sec  9.51 MBytes  79.8 Mbits/sec
[  4]  8.0- 9.0 sec  9.15 MBytes  76.8 Mbits/sec
[  4]  9.0-10.0 sec  9.66 MBytes  81.0 Mbits/sec
[  4] 10.0-11.0 sec  9.63 MBytes  80.7 Mbits/sec
[  4] 11.0-12.0 sec  9.79 MBytes  82.2 Mbits/sec
[  4] 12.0-13.0 sec  9.75 MBytes  81.8 Mbits/sec
[  4] 13.0-14.0 sec  9.43 MBytes  79.1 Mbits/sec
[  4] 14.0-15.0 sec  9.02 MBytes  75.7 Mbits/sec
[  4] 15.0-16.0 sec  9.59 MBytes  80.4 Mbits/sec
[  4] 16.0-17.0 sec  9.50 MBytes  79.7 Mbits/sec
[  4] 17.0-18.0 sec  9.59 MBytes  80.4 Mbits/sec
[  4] 18.0-19.0 sec  9.41 MBytes  78.9 Mbits/sec
[  4] 19.0-20.0 sec  9.66 MBytes  81.0 Mbits/sec
[  4] 20.0-21.0 sec  8.91 MBytes  74.8 Mbits/sec
[  4] 21.0-22.0 sec  8.11 MBytes  68.0 Mbits/sec
[  4] 22.0-23.0 sec  9.24 MBytes  77.5 Mbits/sec
[  4] 23.0-24.0 sec  8.19 MBytes  68.7 Mbits/sec
[  4] 24.0-25.0 sec  9.26 MBytes  77.7 Mbits/sec
[  4] 25.0-26.0 sec  4.24 MBytes  35.6 Mbits/sec
[  4] 26.0-27.0 sec  5.40 MBytes  45.3 Mbits/sec
[  4] 27.0-28.0 sec  3.67 MBytes  30.8 Mbits/sec
[  4] 28.0-29.0 sec  8.91 MBytes  74.8 Mbits/sec
[  4] 29.0-30.0 sec  9.23 MBytes  77.4 Mbits/sec
[  4] 30.0-31.0 sec  9.54 MBytes  80.0 Mbits/sec
[  4] 31.0-32.0 sec  9.21 MBytes  77.2 Mbits/sec
[  4] 32.0-33.0 sec  9.40 MBytes  78.9 Mbits/sec
[  4] 33.0-34.0 sec  9.37 MBytes  78.6 Mbits/sec
[  4] 34.0-35.0 sec  9.47 MBytes  79.4 Mbits/sec
[  4] 35.0-36.0 sec  9.34 MBytes  78.3 Mbits/sec
[  4] 36.0-37.0 sec  9.22 MBytes  77.4 Mbits/sec
[  4] 37.0-38.0 sec  9.47 MBytes  79.4 Mbits/sec
[  4] 38.0-39.0 sec  6.90 MBytes  57.9 Mbits/sec
[  4] 39.0-40.0 sec  7.25 MBytes  60.8 Mbits/sec
[  4] 40.0-41.0 sec  8.55 MBytes  71.7 Mbits/sec
[  4] 41.0-42.0 sec  8.76 MBytes  73.4 Mbits/sec
[  4] 42.0-43.0 sec  5.57 MBytes  46.7 Mbits/sec
[  4] 43.0-44.0 sec  8.65 MBytes  72.6 Mbits/sec
[  4] 44.0-45.0 sec  5.45 MBytes  45.8 Mbits/sec
[  4] 45.0-46.0 sec  1.26 MBytes  10.6 Mbits/sec
[  4] 46.0-47.0 sec  8.58 MBytes  72.0 Mbits/sec
[  4] 47.0-48.0 sec  8.61 MBytes  72.2 Mbits/sec
[  4] 48.0-49.0 sec  6.04 MBytes  50.7 Mbits/sec
[  4] 49.0-50.0 sec  8.98 MBytes  75.4 Mbits/sec
[  4] 50.0-51.0 sec  8.89 MBytes  74.6 Mbits/sec
[  4] 51.0-52.0 sec  4.04 MBytes  33.9 Mbits/sec
[  4] 52.0-53.0 sec  3.51 MBytes  29.5 Mbits/sec
[  4] 53.0-54.0 sec  2.66 MBytes  22.3 Mbits/sec
[  4] 54.0-55.0 sec  7.67 MBytes  64.4 Mbits/sec
[  4] 55.0-56.0 sec  5.62 MBytes  47.2 Mbits/sec
[  4] 56.0-57.0 sec  2.93 MBytes  24.5 Mbits/sec
[  4] 57.0-58.0 sec  7.82 MBytes  65.6 Mbits/sec
[  4] 58.0-59.0 sec  8.99 MBytes  75.4 Mbits/sec
[  4] 59.0-60.0 sec  1.89 MBytes  15.8 Mbits/sec
[  4]  0.0-60.2 sec   479 MBytes  66.6 Mbits/sec